TN:
SF:/Users/audax/Github/Checkpoint1-News-Hedlines/app/action/fluxActions.jsx
FN:8,fetchAllNewsSources
FN:12,(anonymous_1)
FN:19,(anonymous_2)
FN:31,fetchAllArticles
FN:37,(anonymous_4)
FN:50,(anonymous_5)
FN:56,(anonymous_6)
FN:69,(anonymous_7)
FNF:8
FNH:2
FNDA:2,fetchAllNewsSources
FNDA:0,(anonymous_1)
FNDA:2,(anonymous_2)
FNDA:0,fetchAllArticles
FNDA:0,(anonymous_4)
FNDA:0,(anonymous_5)
FNDA:0,(anonymous_6)
FNDA:0,(anonymous_7)
DA:9,2
DA:11,2
DA:13,0
DA:14,0
DA:16,0
DA:20,2
DA:32,0
DA:33,0
DA:34,0
DA:35,0
DA:36,0
DA:38,0
DA:39,0
DA:41,0
DA:51,0
DA:55,0
DA:57,0
DA:58,0
DA:60,0
DA:70,0
LF:20
LH:3
BRDA:13,0,0,0
BRDA:13,0,1,0
BRDA:13,1,0,0
BRDA:13,1,1,0
BRDA:31,2,0,0
BRDA:35,3,0,0
BRDA:35,3,1,0
BRDA:38,4,0,0
BRDA:38,4,1,0
BRDA:38,5,0,0
BRDA:38,5,1,0
BRDA:57,6,0,0
BRDA:57,6,1,0
BRDA:57,7,0,0
BRDA:57,7,1,0
BRF:15
BRH:0
end_of_record
TN:
SF:/Users/audax/Github/Checkpoint1-News-Hedlines/app/components/Articles.jsx
FN:16,(anonymous_0)
FNF:1
FNH:1
FNDA:1,(anonymous_0)
DA:24,1
DA:26,1
DA:54,8
DA:63,8
LF:4
LH:4
BRDA:33,0,0,1
BRDA:33,0,1,0
BRDA:45,1,0,0
BRDA:45,1,1,1
BRF:4
BRH:2
end_of_record
TN:
SF:/Users/audax/Github/Checkpoint1-News-Hedlines/app/components/HeadlineItem.jsx
FN:16,(anonymous_0)
FN:28,(anonymous_1)
FN:41,(anonymous_2)
FN:57,(anonymous_3)
FNF:4
FNH:2
FNDA:1,(anonymous_0)
FNDA:0,(anonymous_1)
FNDA:0,(anonymous_2)
FNDA:1,(anonymous_3)
DA:17,1
DA:18,1
DA:19,1
DA:20,1
DA:29,0
DA:30,0
DA:31,0
DA:32,0
DA:33,0
DA:42,0
DA:43,0
DA:44,0
DA:45,0
DA:47,0
DA:48,0
DA:58,1
DA:59,1
DA:81,5
DA:88,5
LF:19
LH:8
BRDA:32,0,0,0
BRDA:32,0,1,0
BRDA:43,1,0,0
BRDA:43,1,1,0
BRF:4
BRH:0
end_of_record
TN:
SF:/Users/audax/Github/Checkpoint1-News-Hedlines/app/components/HeadlineList.jsx
FN:17,(anonymous_0)
FN:19,(anonymous_1)
FN:19,(anonymous_2)
FNF:3
FNH:2
FNDA:3,(anonymous_0)
FNDA:3,(anonymous_1)
FNDA:0,(anonymous_2)
DA:18,3
DA:19,3
DA:20,0
DA:21,0
DA:30,0
DA:39,3
DA:46,5
DA:50,5
LF:8
LH:5
BRDA:20,0,0,0
BRDA:20,0,1,0
BRF:2
BRH:0
end_of_record
TN:
SF:/Users/audax/Github/Checkpoint1-News-Hedlines/app/components/HeadlineSearch.jsx
FN:16,(anonymous_0)
FN:25,(anonymous_1)
FN:34,(anonymous_2)
FN:54,(anonymous_3)
FNF:4
FNH:2
FNDA:3,(anonymous_0)
FNDA:0,(anonymous_1)
FNDA:3,(anonymous_2)
FNDA:0,(anonymous_3)
DA:17,3
DA:18,3
DA:26,0
DA:27,0
DA:35,3
DA:49,5
DA:53,5
LF:7
LH:5
BRF:0
BRH:0
end_of_record
TN:
SF:/Users/audax/Github/Checkpoint1-News-Hedlines/app/components/Login.jsx
FN:1,(anonymous_0)
FN:1,defineProperties
FN:1,(anonymous_2)
FN:4,_interopRequireDefault
FN:4,_classCallCheck
FN:4,_possibleConstructorReturn
FN:4,_inherits
FN:12,(anonymous_7)
FN:18,Login
FN:30,responseGoogle
FN:51,render
FNF:11
FNH:0
FNDA:0,(anonymous_0)
FNDA:0,defineProperties
FNDA:0,(anonymous_2)
FNDA:0,_interopRequireDefault
FNDA:0,_classCallCheck
FNDA:0,_possibleConstructorReturn
FNDA:0,_inherits
FNDA:0,(anonymous_7)
FNDA:0,Login
FNDA:0,responseGoogle
FNDA:0,render
DA:1,0
DA:2,0
DA:4,0
DA:12,0
DA:18,0
DA:20,0
DA:24,0
DA:30,0
DA:32,0
DA:33,0
DA:34,0
DA:42,0
DA:53,0
DA:76,0
LF:14
LH:0
BRDA:1,0,0,0
BRDA:1,0,1,0
BRDA:1,1,0,0
BRDA:1,1,1,0
BRDA:1,2,0,0
BRDA:1,2,1,0
BRDA:1,3,0,0
BRDA:1,3,1,0
BRDA:4,4,0,0
BRDA:4,4,1,0
BRDA:4,5,0,0
BRDA:4,5,1,0
BRDA:4,6,0,0
BRDA:4,6,1,0
BRDA:4,7,0,0
BRDA:4,7,1,0
BRDA:4,8,0,0
BRDA:4,8,1,0
BRDA:4,9,0,0
BRDA:4,9,1,0
BRDA:4,9,2,0
BRDA:4,10,0,0
BRDA:4,10,1,0
BRDA:4,11,0,0
BRDA:4,11,1,0
BRDA:4,12,0,0
BRDA:4,12,1,0
BRDA:4,13,0,0
BRDA:4,13,1,0
BRDA:4,14,0,0
BRDA:4,14,1,0
BRDA:18,15,0,0
BRDA:18,15,1,0
BRDA:33,16,0,0
BRDA:33,16,1,0
BRF:35
BRH:0
end_of_record
TN:
SF:/Users/audax/Github/Checkpoint1-News-Hedlines/app/components/Main.jsx
FN:6,(anonymous_0)
FN:20,(anonymous_1)
FNF:2
FNH:1
FNDA:1,(anonymous_0)
FNDA:0,(anonymous_1)
DA:6,1
DA:7,1
DA:16,1
DA:19,1
LF:4
LH:4
BRF:0
BRH:0
end_of_record
TN:
SF:/Users/audax/Github/Checkpoint1-News-Hedlines/app/components/Nav.jsx
FN:16,(anonymous_0)
FN:28,(anonymous_1)
FN:45,(anonymous_2)
FN:53,(anonymous_3)
FNF:4
FNH:2
FNDA:2,(anonymous_0)
FNDA:0,(anonymous_1)
FNDA:0,(anonymous_2)
FNDA:2,(anonymous_3)
DA:1,2
DA:2,2
DA:17,2
DA:18,2
DA:21,2
DA:29,0
DA:30,0
DA:31,0
DA:35,0
DA:54,2
LF:10
LH:6
BRDA:30,0,0,0
BRDA:30,0,1,0
BRF:2
BRH:0
end_of_record
TN:
SF:/Users/audax/Github/Checkpoint1-News-Hedlines/app/components/NewsHome.jsx
FN:21,(anonymous_0)
FN:41,(anonymous_1)
FN:51,(anonymous_2)
FN:61,(anonymous_3)
FN:69,(anonymous_4)
FN:79,(anonymous_5)
FN:92,(anonymous_6)
FN:95,(anonymous_7)
FN:109,(anonymous_8)
FN:119,(anonymous_9)
FN:129,(anonymous_10)
FN:149,(anonymous_11)
FNF:12
FNH:4
FNDA:2,(anonymous_0)
FNDA:2,(anonymous_1)
FNDA:0,(anonymous_2)
FNDA:0,(anonymous_3)
FNDA:0,(anonymous_4)
FNDA:0,(anonymous_5)
FNDA:2,(anonymous_6)
FNDA:0,(anonymous_7)
FNDA:0,(anonymous_8)
FNDA:0,(anonymous_9)
FNDA:2,(anonymous_10)
FNDA:0,(anonymous_11)
DA:22,2
DA:23,2
DA:29,2
DA:30,2
DA:31,2
DA:32,2
DA:42,2
DA:43,2
DA:52,0
DA:62,0
DA:70,0
DA:80,0
DA:93,2
DA:95,2
DA:96,0
DA:97,0
DA:99,2
DA:110,0
DA:111,0
DA:120,0
DA:130,2
DA:131,2
DA:135,2
DA:151,0
LF:24
LH:14
BRDA:97,0,0,0
BRDA:97,0,1,0
BRF:2
BRH:0
end_of_record
TN:
SF:/Users/audax/Github/Checkpoint1-News-Hedlines/app/components/NotFoundPage.jsx
FN:1,_interopRequireDefault
FN:4,NotFoundPage
FNF:2
FNH:0
FNDA:0,_interopRequireDefault
FNDA:0,NotFoundPage
DA:1,0
DA:4,0
DA:8,0
LF:3
LH:0
BRDA:1,0,0,0
BRDA:1,0,1,0
BRDA:1,1,0,0
BRDA:1,1,1,0
BRF:4
BRH:0
end_of_record
TN:
SF:/Users/audax/Github/Checkpoint1-News-Hedlines/app/store/ArticlesStore.jsx
FN:1,(anonymous_0)
FN:1,defineProperties
FN:1,(anonymous_2)
FN:2,_interopRequireDefault
FN:2,_classCallCheck
FN:2,_possibleConstructorReturn
FN:2,_inherits
FN:10,(anonymous_7)
FN:15,ArticlesStore
FN:26,getAllNewsArticles
FN:36,handleActions
FNF:11
FNH:0
FNDA:0,(anonymous_0)
FNDA:0,defineProperties
FNDA:0,(anonymous_2)
FNDA:0,_interopRequireDefault
FNDA:0,_classCallCheck
FNDA:0,_possibleConstructorReturn
FNDA:0,_inherits
FNDA:0,(anonymous_7)
FNDA:0,ArticlesStore
FNDA:0,getAllNewsArticles
FNDA:0,handleActions
DA:1,0
DA:2,0
DA:10,0
DA:15,0
DA:17,0
DA:18,0
DA:19,0
DA:26,0
DA:28,0
DA:38,0
DA:40,0
DA:41,0
DA:42,0
DA:43,0
DA:46,0
DA:50,0
DA:51,0
LF:17
LH:0
BRDA:1,0,0,0
BRDA:1,0,1,0
BRDA:1,1,0,0
BRDA:1,1,1,0
BRDA:1,2,0,0
BRDA:1,2,1,0
BRDA:1,3,0,0
BRDA:1,3,1,0
BRDA:2,4,0,0
BRDA:2,4,1,0
BRDA:2,5,0,0
BRDA:2,5,1,0
BRDA:2,6,0,0
BRDA:2,6,1,0
BRDA:2,7,0,0
BRDA:2,7,1,0
BRDA:2,8,0,0
BRDA:2,8,1,0
BRDA:2,9,0,0
BRDA:2,9,1,0
BRDA:2,9,2,0
BRDA:2,10,0,0
BRDA:2,10,1,0
BRDA:2,11,0,0
BRDA:2,11,1,0
BRDA:2,12,0,0
BRDA:2,12,1,0
BRDA:2,13,0,0
BRDA:2,13,1,0
BRDA:2,14,0,0
BRDA:2,14,1,0
BRDA:15,15,0,0
BRDA:15,15,1,0
BRDA:38,16,0,0
BRDA:38,16,1,0
BRF:35
BRH:0
end_of_record
TN:
SF:/Users/audax/Github/Checkpoint1-News-Hedlines/app/store/SourcesStore.jsx
FN:15,(anonymous_0)
FN:25,(anonymous_1)
FN:35,(anonymous_2)
FNF:3
FNH:1
FNDA:5,(anonymous_0)
FNDA:0,(anonymous_1)
FNDA:0,(anonymous_2)
DA:16,5
DA:17,5
DA:18,5
DA:26,0
DA:36,0
DA:38,0
DA:39,0
DA:40,0
DA:47,5
DA:48,5
LF:10
LH:5
BRDA:36,0,0,0
BRDA:36,0,1,0
BRF:2
BRH:0
end_of_record
